
------
Error: TypeError: Not a buffer
    at Object.log.err (/home/demian/myWorkspace/indiNet/desa/proto1/lib/logger.js:23:11)
    at Object.<anonymous> (/home/demian/myWorkspace/indiNet/desa/proto1/app/controllers/errors_controller.js:27:11)
    at Object.handle (/home/demian/myWorkspace/indiNet/desa/proto1/node_modules/express/lib/http.js:192:10)
    at next (/home/demian/myWorkspace/indiNet/desa/proto1/node_modules/express/node_modules/connect/lib/http.js:199:17)
    at pass (/home/demian/myWorkspace/indiNet/desa/proto1/node_modules/express/lib/router/index.js:219:24)
    at nextRoute (/home/demian/myWorkspace/indiNet/desa/proto1/node_modules/express/lib/router/index.js:209:7)
    at callbacks (/home/demian/myWorkspace/indiNet/desa/proto1/node_modules/express/lib/router/index.js:274:11)
    at callbacks (/home/demian/myWorkspace/indiNet/desa/proto1/node_modules/express/lib/router/index.js:269:37)
    at param (/home/demian/myWorkspace/indiNet/desa/proto1/node_modules/express/lib/router/index.js:239:11)
    at pass (/home/demian/myWorkspace/indiNet/desa/proto1/node_modules/express/lib/router/index.js:253:5)
------
Error: TypeError: Not a buffer
    at Object.log.err (/home/demian/myWorkspace/indiNet/desa/proto1/lib/logger.js:23:11)
    at Object.<anonymous> (/home/demian/myWorkspace/indiNet/desa/proto1/app/controllers/errors_controller.js:27:11)
    at Object.handle (/home/demian/myWorkspace/indiNet/desa/proto1/node_modules/express/lib/http.js:192:10)
    at next (/home/demian/myWorkspace/indiNet/desa/proto1/node_modules/express/node_modules/connect/lib/http.js:199:17)
    at pass (/home/demian/myWorkspace/indiNet/desa/proto1/node_modules/express/lib/router/index.js:219:24)
    at nextRoute (/home/demian/myWorkspace/indiNet/desa/proto1/node_modules/express/lib/router/index.js:209:7)
    at callbacks (/home/demian/myWorkspace/indiNet/desa/proto1/node_modules/express/lib/router/index.js:274:11)
    at callbacks (/home/demian/myWorkspace/indiNet/desa/proto1/node_modules/express/lib/router/index.js:269:37)
    at param (/home/demian/myWorkspace/indiNet/desa/proto1/node_modules/express/lib/router/index.js:239:11)
    at pass (/home/demian/myWorkspace/indiNet/desa/proto1/node_modules/express/lib/router/index.js:253:5)
------
Error: TypeError: Not a buffer
    at Object.log.err (/home/demian/myWorkspace/indiNet/desa/proto1/lib/logger.js:23:11)
    at Object.<anonymous> (/home/demian/myWorkspace/indiNet/desa/proto1/app/controllers/errors_controller.js:27:11)
    at Object.handle (/home/demian/myWorkspace/indiNet/desa/proto1/node_modules/express/lib/http.js:192:10)
    at next (/home/demian/myWorkspace/indiNet/desa/proto1/node_modules/express/node_modules/connect/lib/http.js:199:17)
    at pass (/home/demian/myWorkspace/indiNet/desa/proto1/node_modules/express/lib/router/index.js:219:24)
    at nextRoute (/home/demian/myWorkspace/indiNet/desa/proto1/node_modules/express/lib/router/index.js:209:7)
    at callbacks (/home/demian/myWorkspace/indiNet/desa/proto1/node_modules/express/lib/router/index.js:274:11)
    at callbacks (/home/demian/myWorkspace/indiNet/desa/proto1/node_modules/express/lib/router/index.js:269:37)
    at param (/home/demian/myWorkspace/indiNet/desa/proto1/node_modules/express/lib/router/index.js:239:11)
    at pass (/home/demian/myWorkspace/indiNet/desa/proto1/node_modules/express/lib/router/index.js:253:5)
------
Error: TypeError: Not a buffer
    at Object.log.err (/home/demian/myWorkspace/indiNet/desa/proto1/lib/logger.js:23:11)
    at Object.<anonymous> (/home/demian/myWorkspace/indiNet/desa/proto1/app/controllers/errors_controller.js:27:11)
    at Object.handle (/home/demian/myWorkspace/indiNet/desa/proto1/node_modules/express/lib/http.js:192:10)
    at next (/home/demian/myWorkspace/indiNet/desa/proto1/node_modules/express/node_modules/connect/lib/http.js:199:17)
    at pass (/home/demian/myWorkspace/indiNet/desa/proto1/node_modules/express/lib/router/index.js:219:24)
    at nextRoute (/home/demian/myWorkspace/indiNet/desa/proto1/node_modules/express/lib/router/index.js:209:7)
    at callbacks (/home/demian/myWorkspace/indiNet/desa/proto1/node_modules/express/lib/router/index.js:274:11)
    at callbacks (/home/demian/myWorkspace/indiNet/desa/proto1/node_modules/express/lib/router/index.js:269:37)
    at param (/home/demian/myWorkspace/indiNet/desa/proto1/node_modules/express/lib/router/index.js:239:11)
    at pass (/home/demian/myWorkspace/indiNet/desa/proto1/node_modules/express/lib/router/index.js:253:5)
------
Error: TypeError: Not a buffer
    at Object.log.err (/home/demian/myWorkspace/indiNet/desa/proto1/lib/logger.js:23:11)
    at Object.<anonymous> (/home/demian/myWorkspace/indiNet/desa/proto1/app/controllers/errors_controller.js:27:11)
    at Object.handle (/home/demian/myWorkspace/indiNet/desa/proto1/node_modules/express/lib/http.js:192:10)
    at next (/home/demian/myWorkspace/indiNet/desa/proto1/node_modules/express/node_modules/connect/lib/http.js:199:17)
    at pass (/home/demian/myWorkspace/indiNet/desa/proto1/node_modules/express/lib/router/index.js:219:24)
    at nextRoute (/home/demian/myWorkspace/indiNet/desa/proto1/node_modules/express/lib/router/index.js:209:7)
    at callbacks (/home/demian/myWorkspace/indiNet/desa/proto1/node_modules/express/lib/router/index.js:274:11)
    at callbacks (/home/demian/myWorkspace/indiNet/desa/proto1/node_modules/express/lib/router/index.js:269:37)
    at param (/home/demian/myWorkspace/indiNet/desa/proto1/node_modules/express/lib/router/index.js:239:11)
    at pass (/home/demian/myWorkspace/indiNet/desa/proto1/node_modules/express/lib/router/index.js:253:5)
------
Error: TypeError: Not a buffer
    at Object.log.err (/home/demian/myWorkspace/indiNet/desa/proto1/lib/logger.js:23:11)
    at Object.<anonymous> (/home/demian/myWorkspace/indiNet/desa/proto1/app/controllers/errors_controller.js:27:11)
    at Object.handle (/home/demian/myWorkspace/indiNet/desa/proto1/node_modules/express/lib/http.js:192:10)
    at next (/home/demian/myWorkspace/indiNet/desa/proto1/node_modules/express/node_modules/connect/lib/http.js:199:17)
    at pass (/home/demian/myWorkspace/indiNet/desa/proto1/node_modules/express/lib/router/index.js:219:24)
    at nextRoute (/home/demian/myWorkspace/indiNet/desa/proto1/node_modules/express/lib/router/index.js:209:7)
    at callbacks (/home/demian/myWorkspace/indiNet/desa/proto1/node_modules/express/lib/router/index.js:274:11)
    at callbacks (/home/demian/myWorkspace/indiNet/desa/proto1/node_modules/express/lib/router/index.js:269:37)
    at param (/home/demian/myWorkspace/indiNet/desa/proto1/node_modules/express/lib/router/index.js:239:11)
    at pass (/home/demian/myWorkspace/indiNet/desa/proto1/node_modules/express/lib/router/index.js:253:5)
------
Error: TypeError: Not a buffer
    at Object.log.err (/home/demian/myWorkspace/indiNet/desa/proto1/lib/logger.js:23:11)
    at Object.<anonymous> (/home/demian/myWorkspace/indiNet/desa/proto1/app/controllers/errors_controller.js:27:11)
    at Object.handle (/home/demian/myWorkspace/indiNet/desa/proto1/node_modules/express/lib/http.js:192:10)
    at next (/home/demian/myWorkspace/indiNet/desa/proto1/node_modules/express/node_modules/connect/lib/http.js:199:17)
    at pass (/home/demian/myWorkspace/indiNet/desa/proto1/node_modules/express/lib/router/index.js:219:24)
    at nextRoute (/home/demian/myWorkspace/indiNet/desa/proto1/node_modules/express/lib/router/index.js:209:7)
    at callbacks (/home/demian/myWorkspace/indiNet/desa/proto1/node_modules/express/lib/router/index.js:274:11)
    at callbacks (/home/demian/myWorkspace/indiNet/desa/proto1/node_modules/express/lib/router/index.js:269:37)
    at param (/home/demian/myWorkspace/indiNet/desa/proto1/node_modules/express/lib/router/index.js:239:11)
    at pass (/home/demian/myWorkspace/indiNet/desa/proto1/node_modules/express/lib/router/index.js:253:5)
------
Error: TypeError: Not a buffer
    at Object.log.err (/home/demian/myWorkspace/indiNet/desa/proto1/lib/logger.js:23:11)
    at Object.<anonymous> (/home/demian/myWorkspace/indiNet/desa/proto1/app/controllers/errors_controller.js:27:11)
    at Object.handle (/home/demian/myWorkspace/indiNet/desa/proto1/node_modules/express/lib/http.js:192:10)
    at next (/home/demian/myWorkspace/indiNet/desa/proto1/node_modules/express/node_modules/connect/lib/http.js:199:17)
    at pass (/home/demian/myWorkspace/indiNet/desa/proto1/node_modules/express/lib/router/index.js:219:24)
    at nextRoute (/home/demian/myWorkspace/indiNet/desa/proto1/node_modules/express/lib/router/index.js:209:7)
    at callbacks (/home/demian/myWorkspace/indiNet/desa/proto1/node_modules/express/lib/router/index.js:274:11)
    at callbacks (/home/demian/myWorkspace/indiNet/desa/proto1/node_modules/express/lib/router/index.js:269:37)
    at param (/home/demian/myWorkspace/indiNet/desa/proto1/node_modules/express/lib/router/index.js:239:11)
    at pass (/home/demian/myWorkspace/indiNet/desa/proto1/node_modules/express/lib/router/index.js:253:5)
------
Error: TypeError: Not a buffer
    at Object.log.err (/home/demian/myWorkspace/indiNet/desa/proto1/lib/logger.js:23:11)
    at Object.<anonymous> (/home/demian/myWorkspace/indiNet/desa/proto1/app/controllers/errors_controller.js:27:11)
    at Object.handle (/home/demian/myWorkspace/indiNet/desa/proto1/node_modules/express/lib/http.js:192:10)
    at next (/home/demian/myWorkspace/indiNet/desa/proto1/node_modules/express/node_modules/connect/lib/http.js:199:17)
    at pass (/home/demian/myWorkspace/indiNet/desa/proto1/node_modules/express/lib/router/index.js:219:24)
    at nextRoute (/home/demian/myWorkspace/indiNet/desa/proto1/node_modules/express/lib/router/index.js:209:7)
    at callbacks (/home/demian/myWorkspace/indiNet/desa/proto1/node_modules/express/lib/router/index.js:274:11)
    at callbacks (/home/demian/myWorkspace/indiNet/desa/proto1/node_modules/express/lib/router/index.js:269:37)
    at param (/home/demian/myWorkspace/indiNet/desa/proto1/node_modules/express/lib/router/index.js:239:11)
    at pass (/home/demian/myWorkspace/indiNet/desa/proto1/node_modules/express/lib/router/index.js:253:5)
------
Error: TypeError: Not a buffer
    at Object.log.err (/home/demian/myWorkspace/indiNet/desa/proto1/lib/logger.js:23:11)
    at Object.<anonymous> (/home/demian/myWorkspace/indiNet/desa/proto1/app/controllers/errors_controller.js:27:11)
    at Object.handle (/home/demian/myWorkspace/indiNet/desa/proto1/node_modules/express/lib/http.js:192:10)
    at next (/home/demian/myWorkspace/indiNet/desa/proto1/node_modules/express/node_modules/connect/lib/http.js:199:17)
    at pass (/home/demian/myWorkspace/indiNet/desa/proto1/node_modules/express/lib/router/index.js:219:24)
    at nextRoute (/home/demian/myWorkspace/indiNet/desa/proto1/node_modules/express/lib/router/index.js:209:7)
    at callbacks (/home/demian/myWorkspace/indiNet/desa/proto1/node_modules/express/lib/router/index.js:274:11)
    at callbacks (/home/demian/myWorkspace/indiNet/desa/proto1/node_modules/express/lib/router/index.js:269:37)
    at param (/home/demian/myWorkspace/indiNet/desa/proto1/node_modules/express/lib/router/index.js:239:11)
    at pass (/home/demian/myWorkspace/indiNet/desa/proto1/node_modules/express/lib/router/index.js:253:5)
------
Error: TypeError: Not a buffer
    at Object.log.err (/home/demian/myWorkspace/indiNet/desa/proto1/lib/logger.js:23:11)
    at Object.<anonymous> (/home/demian/myWorkspace/indiNet/desa/proto1/app/controllers/errors_controller.js:27:11)
    at Object.handle (/home/demian/myWorkspace/indiNet/desa/proto1/node_modules/express/lib/http.js:192:10)
    at next (/home/demian/myWorkspace/indiNet/desa/proto1/node_modules/express/node_modules/connect/lib/http.js:199:17)
    at pass (/home/demian/myWorkspace/indiNet/desa/proto1/node_modules/express/lib/router/index.js:219:24)
    at nextRoute (/home/demian/myWorkspace/indiNet/desa/proto1/node_modules/express/lib/router/index.js:209:7)
    at callbacks (/home/demian/myWorkspace/indiNet/desa/proto1/node_modules/express/lib/router/index.js:274:11)
    at callbacks (/home/demian/myWorkspace/indiNet/desa/proto1/node_modules/express/lib/router/index.js:269:37)
    at param (/home/demian/myWorkspace/indiNet/desa/proto1/node_modules/express/lib/router/index.js:239:11)
    at pass (/home/demian/myWorkspace/indiNet/desa/proto1/node_modules/express/lib/router/index.js:253:5)